<?xml version="1.0" encoding="UTF-8"?>
<!-- Generated by org.testng.reporters.JUnitReportReporter -->
<testsuite hostname="DESKTOP-AF33508" failures="0" tests="1" name="testngannotations.BeforeAfterClass" time="0.006" errors="0" timestamp="2025-09-10T19:43:32 IST" skipped="0">
  <testcase classname="testngannotations.BeforeAfterClass" name="testLogin" time="0.006"/>
</testsuite> <!-- testngannotations.BeforeAfterClass -->
