<?xml version="1.0" encoding="UTF-8"?>
<!-- Generated by org.testng.reporters.JUnitReportReporter -->
<testsuite hostname="DESKTOP-AF33508" failures="0" tests="1" name="testngannotations.TestMethod" time="0.007" errors="0" timestamp="2025-09-10T19:46:43 IST" skipped="0">
  <testcase classname="testngannotations.TestMethod" name="testLogin" time="0.007"/>
</testsuite> <!-- testngannotations.TestMethod -->
